  cycles.c
c:\users\seens\desktop\practice\practical_task_№3\task2.c\task2.c\cycles.c(3): warning C4013: pow: нет определения; предполагается "extern" с возвратом типа "int"
c:\users\seens\desktop\practice\practical_task_№3\task2.c\task2.c\cycles.c(23): error C2143: синтаксическая ошибка: отсутствие ")" перед ";"
  task2.c
c:\users\seens\desktop\practice\practical_task_№3\task2.c\task2.c\task2.c(10): warning C4013: summ2_dowhile: нет определения; предполагается "extern" с возвратом типа "int"
c:\users\seens\desktop\practice\practical_task_№3\task2.c\task2.c\task2.c(10): warning C4477: "printf": в строке форматирования "%Lf" требуется аргумент типа "long double", но вариативный аргумент "1" имеет тип "int"
c:\users\seens\desktop\practice\practical_task_№3\task2.c\task2.c\task2.c(11): warning C4013: system: нет определения; предполагается "extern" с возвратом типа "int"
c:\users\seens\desktop\practice\practical_task_№3\task2.c\task2.c\task2.c(7): error C4996: 'scanf': This function or variable may be unsafe. Consider using scanf_s instead. To disable deprecation, use _CRT_SECURE_NO_WARNINGS. See online help for details.
  c:\program files (x86)\windows kits\10\include\10.0.17763.0\ucrt\stdio.h(1274): note:  см. объявление "scanf"
  Создание кода...
